[2018-Nov-26 18:06:03][SpectramaxOutput][INFO] Updating step 24-31307 with data: defaultdict(<class 'dict'>, {})
[2018-Nov-26 18:06:09][SpectramaxOutput][CRITICAL] Encountered a TypeError exception: unsupported operand type(s) for +: 'int' and 'NoneType'
[2018-Nov-26 18:06:09][SpectramaxOutput][ERROR] Stack trace below:
Traceback (most recent call last):
  File "C:\Users\dforth\PycharmProjects\untitled\venv\lib\site-packages\clarity_scripts-0.9.dev0-py3.6.egg\EPPs\common.py", line 134, in run
    return self._run()
  File "C:\Users\dforth\PycharmProjects\untitled\venv\lib\site-packages\clarity_scripts-0.9.dev0-py3.6.egg\EPPs\common.py", line 370, in _run
    batch_artifacts=self._add_plates_to_step()
  File "C:\Users\dforth\PycharmProjects\clarity_scripts\scripts\parse_spectramax_seq_plate_quant.py", line 61, in _add_plates_to_step
    total = total + replicate
TypeError: unsupported operand type(s) for +: 'int' and 'NoneType'

[2018-Nov-26 18:11:03][SpectramaxOutput][CRITICAL] Encountered a NameError exception: name 'starting_well' is not defined
[2018-Nov-26 18:11:03][SpectramaxOutput][ERROR] Stack trace below:
Traceback (most recent call last):
  File "C:\Users\dforth\PycharmProjects\untitled\venv\lib\site-packages\clarity_scripts-0.9.dev0-py3.6.egg\EPPs\common.py", line 134, in run
    return self._run()
  File "C:\Users\dforth\PycharmProjects\untitled\venv\lib\site-packages\clarity_scripts-0.9.dev0-py3.6.egg\EPPs\common.py", line 369, in _run
    self.assign_samples_to_plates()
  File "C:\Users\dforth\PycharmProjects\untitled\venv\lib\site-packages\clarity_scripts-0.9.dev0-py3.6.egg\EPPs\common.py", line 351, in assign_samples_to_plates
    if coord == starting_well:  # ... and take the variable starting_well coord as the start of a new plate
NameError: name 'starting_well' is not defined

[2018-Nov-26 18:11:23][SpectramaxOutput][CRITICAL] Encountered a NameError exception: name 'starting_well' is not defined
[2018-Nov-26 18:11:23][SpectramaxOutput][ERROR] Stack trace below:
Traceback (most recent call last):
  File "C:\Users\dforth\PycharmProjects\untitled\venv\lib\site-packages\clarity_scripts-0.9.dev0-py3.6.egg\EPPs\common.py", line 134, in run
    return self._run()
  File "C:\Users\dforth\PycharmProjects\untitled\venv\lib\site-packages\clarity_scripts-0.9.dev0-py3.6.egg\EPPs\common.py", line 369, in _run
    self.assign_samples_to_plates()
  File "C:\Users\dforth\PycharmProjects\untitled\venv\lib\site-packages\clarity_scripts-0.9.dev0-py3.6.egg\EPPs\common.py", line 351, in assign_samples_to_plates
    if coord == starting_well:  # ... and take the variable starting_well coord as the start of a new plate
NameError: name 'starting_well' is not defined

[2018-Nov-26 18:14:14][SpectramaxOutput][CRITICAL] Encountered a NameError exception: name 'starting_well' is not defined
[2018-Nov-26 18:14:14][SpectramaxOutput][ERROR] Stack trace below:
Traceback (most recent call last):
  File "C:\Users\dforth\PycharmProjects\untitled\venv\lib\site-packages\clarity_scripts-0.9.dev0-py3.6.egg\EPPs\common.py", line 134, in run
    return self._run()
  File "C:\Users\dforth\PycharmProjects\untitled\venv\lib\site-packages\clarity_scripts-0.9.dev0-py3.6.egg\EPPs\common.py", line 369, in _run
    self.assign_samples_to_plates()
  File "C:\Users\dforth\PycharmProjects\untitled\venv\lib\site-packages\clarity_scripts-0.9.dev0-py3.6.egg\EPPs\common.py", line 351, in assign_samples_to_plates
    if coord == starting_well:  # ... and take the variable starting_well coord as the start of a new plate
NameError: name 'starting_well' is not defined

[2018-Nov-26 18:15:51][SpectramaxOutput][INFO] Updating step 24-31307 with data: defaultdict(<class 'dict'>, {})
[2018-Nov-26 18:15:56][SpectramaxOutput][CRITICAL] Encountered a TypeError exception: unsupported operand type(s) for +: 'int' and 'NoneType'
[2018-Nov-26 18:15:56][SpectramaxOutput][ERROR] Stack trace below:
Traceback (most recent call last):
  File "C:\Users\dforth\PycharmProjects\untitled\venv\lib\site-packages\clarity_scripts-0.9.dev0-py3.6.egg\EPPs\common.py", line 134, in run
    return self._run()
  File "C:\Users\dforth\PycharmProjects\untitled\venv\lib\site-packages\clarity_scripts-0.9.dev0-py3.6.egg\EPPs\common.py", line 369, in _run
    batch_artifacts=self._add_plates_to_step()
  File "C:\Users\dforth\PycharmProjects\clarity_scripts\scripts\parse_spectramax_seq_plate_quant.py", line 61, in _add_plates_to_step
    total = total + replicate
TypeError: unsupported operand type(s) for +: 'int' and 'NoneType'

[2018-Nov-26 18:16:42][SpectramaxOutput][INFO] Updating step 24-31307 with data: defaultdict(<class 'dict'>, {})
[2018-Nov-26 18:16:48][SpectramaxOutput][CRITICAL] Encountered a TypeError exception: unsupported operand type(s) for +: 'int' and 'NoneType'
[2018-Nov-26 18:16:48][SpectramaxOutput][ERROR] Stack trace below:
Traceback (most recent call last):
  File "C:\Users\dforth\PycharmProjects\untitled\venv\lib\site-packages\clarity_scripts-0.9.dev0-py3.6.egg\EPPs\common.py", line 134, in run
    return self._run()
  File "C:\Users\dforth\PycharmProjects\untitled\venv\lib\site-packages\clarity_scripts-0.9.dev0-py3.6.egg\EPPs\common.py", line 369, in _run
    batch_artifacts=self._add_plates_to_step()
  File "C:\Users\dforth\PycharmProjects\clarity_scripts\scripts\parse_spectramax_seq_plate_quant.py", line 61, in _add_plates_to_step
    total = total + replicate
TypeError: unsupported operand type(s) for +: 'int' and 'NoneType'

[2018-Nov-26 18:17:35][SpectramaxOutput][INFO] Updating step 24-31307 with data: defaultdict(<class 'dict'>, {})
[2018-Nov-26 18:17:40][SpectramaxOutput][CRITICAL] Encountered a TypeError exception: unsupported operand type(s) for +: 'int' and 'NoneType'
[2018-Nov-26 18:17:40][SpectramaxOutput][ERROR] Stack trace below:
Traceback (most recent call last):
  File "C:\Users\dforth\PycharmProjects\untitled\venv\lib\site-packages\clarity_scripts-0.9.dev0-py3.6.egg\EPPs\common.py", line 134, in run
    return self._run()
  File "C:\Users\dforth\PycharmProjects\untitled\venv\lib\site-packages\clarity_scripts-0.9.dev0-py3.6.egg\EPPs\common.py", line 369, in _run
    batch_artifacts=self._add_plates_to_step()
  File "C:\Users\dforth\PycharmProjects\clarity_scripts\scripts\parse_spectramax_seq_plate_quant.py", line 61, in _add_plates_to_step
    total = total + replicate
TypeError: unsupported operand type(s) for +: 'int' and 'NoneType'

[2018-Nov-26 18:19:58][SpectramaxOutput][INFO] Updating step 24-31307 with data: defaultdict(<class 'dict'>, {})
[2018-Nov-26 18:20:03][SpectramaxOutput][CRITICAL] Encountered a TypeError exception: unsupported operand type(s) for +: 'int' and 'NoneType'
[2018-Nov-26 18:20:03][SpectramaxOutput][ERROR] Stack trace below:
Traceback (most recent call last):
  File "C:\Users\dforth\PycharmProjects\untitled\venv\lib\site-packages\clarity_scripts-0.9.dev0-py3.6.egg\EPPs\common.py", line 134, in run
    return self._run()
  File "C:\Users\dforth\PycharmProjects\untitled\venv\lib\site-packages\clarity_scripts-0.9.dev0-py3.6.egg\EPPs\common.py", line 369, in _run
    batch_artifacts=self._add_plates_to_step()
  File "C:\Users\dforth\PycharmProjects\clarity_scripts\scripts\parse_spectramax_seq_plate_quant.py", line 61, in _add_plates_to_step
    total = total + replicate
TypeError: unsupported operand type(s) for +: 'int' and 'NoneType'

[2018-Nov-26 18:20:59][SpectramaxOutput][INFO] Updating step 24-31307 with data: defaultdict(<class 'dict'>, {})
[2018-Nov-26 18:21:05][SpectramaxOutput][CRITICAL] Encountered a TypeError exception: unsupported operand type(s) for +: 'int' and 'NoneType'
[2018-Nov-26 18:21:05][SpectramaxOutput][ERROR] Stack trace below:
Traceback (most recent call last):
  File "C:\Users\dforth\PycharmProjects\untitled\venv\lib\site-packages\clarity_scripts-0.9.dev0-py3.6.egg\EPPs\common.py", line 134, in run
    return self._run()
  File "C:\Users\dforth\PycharmProjects\untitled\venv\lib\site-packages\clarity_scripts-0.9.dev0-py3.6.egg\EPPs\common.py", line 369, in _run
    batch_artifacts=self._add_plates_to_step()
  File "C:\Users\dforth\PycharmProjects\clarity_scripts\scripts\parse_spectramax_seq_plate_quant.py", line 61, in _add_plates_to_step
    total = total + replicate
TypeError: unsupported operand type(s) for +: 'int' and 'NoneType'

[2018-Nov-26 18:22:01][SpectramaxOutput][INFO] Updating step 24-31307 with data: defaultdict(<class 'dict'>, {})
[2018-Nov-26 18:22:07][SpectramaxOutput][CRITICAL] Encountered a TypeError exception: unsupported operand type(s) for +: 'int' and 'NoneType'
[2018-Nov-26 18:22:07][SpectramaxOutput][ERROR] Stack trace below:
Traceback (most recent call last):
  File "C:\Users\dforth\PycharmProjects\untitled\venv\lib\site-packages\clarity_scripts-0.9.dev0-py3.6.egg\EPPs\common.py", line 134, in run
    return self._run()
  File "C:\Users\dforth\PycharmProjects\untitled\venv\lib\site-packages\clarity_scripts-0.9.dev0-py3.6.egg\EPPs\common.py", line 370, in _run
    batch_artifacts=self._add_plates_to_step()
  File "C:\Users\dforth\PycharmProjects\clarity_scripts\scripts\parse_spectramax_seq_plate_quant.py", line 61, in _add_plates_to_step
    total = total + replicate
TypeError: unsupported operand type(s) for +: 'int' and 'NoneType'

[2018-Nov-26 18:23:46][SpectramaxOutput][INFO] Updating step 24-31307 with data: defaultdict(<class 'dict'>, {})
[2018-Nov-26 18:23:52][SpectramaxOutput][CRITICAL] Encountered a TypeError exception: unsupported operand type(s) for +: 'int' and 'NoneType'
[2018-Nov-26 18:23:52][SpectramaxOutput][ERROR] Stack trace below:
Traceback (most recent call last):
  File "C:\Users\dforth\PycharmProjects\untitled\venv\lib\site-packages\clarity_scripts-0.9.dev0-py3.6.egg\EPPs\common.py", line 134, in run
    return self._run()
  File "C:\Users\dforth\PycharmProjects\untitled\venv\lib\site-packages\clarity_scripts-0.9.dev0-py3.6.egg\EPPs\common.py", line 374, in _run
    batch_artifacts=self._add_plates_to_step()
  File "C:\Users\dforth\PycharmProjects\clarity_scripts\scripts\parse_spectramax_seq_plate_quant.py", line 61, in _add_plates_to_step
    total = total + replicate
TypeError: unsupported operand type(s) for +: 'int' and 'NoneType'

[2018-Nov-26 18:29:03][SpectramaxOutput][INFO] Updating step 24-31307 with data: defaultdict(<class 'dict'>, {'LP9181126-QNT': {'A4': 11.668, 'B4': 12.953, 'C4': 11.956, 'D4': 14.602, 'E4': 15.004, 'F4': 13.887, 'G4': 9.784, 'H4': 9.227, 'A5': 9.264, 'C5': 12.502, 'D5': 8.349, 'E5': 19.791, 'F5': 12.696, 'G5': 13.008, 'H5': 12.371, 'A6': 13.612, 'B6': 14.669, 'C6': 14.631, 'D6': 15.86, 'E6': 13.383, 'F6': 9.6, 'G6': 9.344, 'H6': 14.454, 'A7': 13.487, 'B7': 18.704, 'C7': 17.042, 'D7': 10.437, 'E7': 9.78, 'F7': 51.478, 'G7': 29.193, 'H7': 40.868, 'A8': 31.263, 'B8': 92.617, 'C8': 24.526, 'D8': 20.771, 'E8': 15.419, 'F8': 13.558, 'G8': 13.504, 'H8': 20.026, 'A9': 20.408, 'B9': 14.256, 'C9': 14.809, 'D9': 13.044, 'E9': 16.158, 'F9': 17.959, 'G9': 14.0, 'H9': 11.356, 'A10': 16.957, 'B10': 10.44, 'C10': 19.174, 'D10': 14.89, 'E10': 13.281, 'F10': 18.997, 'G10': 15.905, 'H10': 11.266, 'A11': 17.499, 'B11': 19.764, 'C11': 16.318, 'D11': 10.108, 'E11': 17.18, 'F11': 18.287, 'G11': 15.628, 'H11': 15.328, 'A12': 10.231, 'B12': 18.013, 'C12': 17.457, 'D12': 16.377, 'E12': 12.438, 'F12': 15.503, 'G12': 21.822, 'H12': 18.026, 'B5': 17.582}})
